AMD clang version 14.0.0 (https://github.com/RadeonOpenCompute/llvm-project roc-5.2.0 22204 50d6d5d5b608d2abd6af44314abc6ad20036af3b)
Target: x86_64-unknown-linux-gnu
Thread model: posix
InstalledDir: /opt/rocm-5.2.0/llvm/bin
Found candidate GCC installation: /usr/lib/gcc/x86_64-linux-gnu/7
Found candidate GCC installation: /usr/lib/gcc/x86_64-linux-gnu/7.5.0
Found candidate GCC installation: /usr/lib/gcc/x86_64-linux-gnu/8
Found candidate GCC installation: /usr/lib/gcc/x86_64-linux-gnu/9
Selected GCC installation: /usr/lib/gcc/x86_64-linux-gnu/9
Candidate multilib: .;@m64
Candidate multilib: 32;@m32
Candidate multilib: x32;@mx32
Selected multilib: .;@m64
Found HIP installation: /opt/rocm-5.2.0, version 5.2.21151
 "/opt/rocm-5.2.0/llvm/bin/clang-offload-bundler" -unbundle -type=a -input=/opt/rocm-5.2.0/llvm/bin/../lib/clang/14.0.0/lib/linux/libclang_rt.builtins-x86_64.a -targets=hip-amdgcn-amd-amdhsa-gfx90a -output=/tmp/libbc-clang_rt.builtins-x86_64-amdgcn-gfx90a-ef6b65.a -allow-missing-bundles
 "/opt/rocm-5.2.0/llvm/bin/clang-14" -cc1 -triple amdgcn-amd-amdhsa -aux-triple x86_64-unknown-linux-gnu -emit-obj --mrelax-relocations -disable-free -clear-ast-before-backend -disable-llvm-verifier -discard-value-names -main-file-name vectoradd_hip.cpp -mrelocation-model pic -pic-level 1 -fhalf-no-semantic-interposition -mframe-pointer=none -fno-rounding-math -mconstructor-aliases -aux-target-cpu x86-64 -mlink-builtin-bitcode /tmp/libbc-clang_rt.builtins-x86_64-amdgcn-gfx90a-ef6b65.a -fcuda-is-device -mllvm -amdgpu-internalize-symbols -fcuda-allow-variadic-functions -fvisibility hidden -fapply-global-visibility-to-externs -mlink-builtin-bitcode /opt/rocm-5.2.0/amdgcn/bitcode/hip.bc -mlink-builtin-bitcode /opt/rocm-5.2.0/amdgcn/bitcode/ocml.bc -mlink-builtin-bitcode /opt/rocm-5.2.0/amdgcn/bitcode/ockl.bc -mlink-builtin-bitcode /opt/rocm-5.2.0/amdgcn/bitcode/oclc_daz_opt_off.bc -mlink-builtin-bitcode /opt/rocm-5.2.0/amdgcn/bitcode/oclc_unsafe_math_off.bc -mlink-builtin-bitcode /opt/rocm-5.2.0/amdgcn/bitcode/oclc_finite_only_off.bc -mlink-builtin-bitcode /opt/rocm-5.2.0/amdgcn/bitcode/oclc_correctly_rounded_sqrt_on.bc -mlink-builtin-bitcode /opt/rocm-5.2.0/amdgcn/bitcode/oclc_wavefrontsize64_on.bc -mlink-builtin-bitcode /opt/rocm-5.2.0/amdgcn/bitcode/oclc_isa_version_90a.bc -mlink-builtin-bitcode /opt/rocm-5.2.0/amdgcn/bitcode/oclc_abi_version_400.bc -target-cpu gfx90a -mllvm -treat-scalable-fixed-error-as-warning -debugger-tuning=gdb -v -resource-dir /opt/rocm-5.2.0/llvm/lib/clang/14.0.0 -internal-isystem /opt/rocm-5.2.0/llvm/lib/clang/14.0.0/include/cuda_wrappers -internal-isystem /opt/rocm-5.2.0/include -include __clang_hip_runtime_wrapper.h -isystem /opt/rocm-5.2.0/llvm/lib/clang/14.0.0/include/.. -isystem /opt/rocm-5.2.0/hsa/include -isystem /opt/rocm-5.2.0/include -internal-isystem /usr/lib/gcc/x86_64-linux-gnu/9/../../../../include/c++/9 -internal-isystem /usr/lib/gcc/x86_64-linux-gnu/9/../../../../include/x86_64-linux-gnu/c++/9 -internal-isystem /usr/lib/gcc/x86_64-linux-gnu/9/../../../../include/c++/9/backward -internal-isystem /usr/lib/gcc/x86_64-linux-gnu/9/../../../../include/c++/9 -internal-isystem /usr/lib/gcc/x86_64-linux-gnu/9/../../../../include/x86_64-linux-gnu/c++/9 -internal-isystem /usr/lib/gcc/x86_64-linux-gnu/9/../../../../include/c++/9/backward -internal-isystem /opt/rocm-5.2.0/llvm/lib/clang/14.0.0/include -internal-isystem /usr/local/include -internal-isystem /usr/lib/gcc/x86_64-linux-gnu/9/../../../../x86_64-linux-gnu/include -internal-externc-isystem /usr/include/x86_64-linux-gnu -internal-externc-isystem /include -internal-externc-isystem /usr/include -internal-isystem /opt/rocm-5.2.0/llvm/lib/clang/14.0.0/include -internal-isystem /usr/local/include -internal-isystem /usr/lib/gcc/x86_64-linux-gnu/9/../../../../x86_64-linux-gnu/include -internal-externc-isystem /usr/include/x86_64-linux-gnu -internal-externc-isystem /include -internal-externc-isystem /usr/include -O3 -std=c++11 -fdeprecated-macro -fno-autolink -fdebug-compilation-dir=/home/jack/projects/HIP-Examples/vectorAdd -ferror-limit 19 -fhip-new-launch-api -fgnuc-version=4.2.1 -fcxx-exceptions -fexceptions -vectorize-loops -vectorize-slp -mllvm -amdgpu-early-inline-all=true -mllvm -amdgpu-function-calls=false -cuid=3ef90204d93e849c -fcuda-allow-variadic-functions -faddrsig -D__GCC_HAVE_DWARF2_CFI_ASM=1 -o /tmp/vectoradd_hip-1a3ca2/vectoradd_hip-gfx90a.o -x hip vectoradd_hip.cpp
clang -cc1 version 14.0.0 based upon LLVM 14.0.0git default target x86_64-unknown-linux-gnu
ignoring nonexistent directory "/usr/lib/gcc/x86_64-linux-gnu/9/../../../../x86_64-linux-gnu/include"
ignoring nonexistent directory "/include"
ignoring nonexistent directory "/usr/lib/gcc/x86_64-linux-gnu/9/../../../../x86_64-linux-gnu/include"
ignoring nonexistent directory "/include"
ignoring duplicate directory "/opt/rocm-5.2.0/include"
ignoring duplicate directory "/usr/lib/gcc/x86_64-linux-gnu/9/../../../../include/c++/9"
ignoring duplicate directory "/usr/lib/gcc/x86_64-linux-gnu/9/../../../../include/x86_64-linux-gnu/c++/9"
ignoring duplicate directory "/usr/lib/gcc/x86_64-linux-gnu/9/../../../../include/c++/9/backward"
ignoring duplicate directory "/opt/rocm-5.2.0/llvm/lib/clang/14.0.0/include"
ignoring duplicate directory "/usr/local/include"
ignoring duplicate directory "/usr/include/x86_64-linux-gnu"
ignoring duplicate directory "/usr/include"
ignoring duplicate directory "/usr/local/include"
ignoring duplicate directory "/opt/rocm-5.2.0/llvm/lib/clang/14.0.0/include"
ignoring duplicate directory "/usr/include"
#include "..." search starts here:
#include <...> search starts here:
 /opt/rocm-5.2.0/llvm/lib/clang/14.0.0/include/..
 /opt/rocm-5.2.0/hsa/include
 /opt/rocm-5.2.0/include
 /opt/rocm-5.2.0/llvm/lib/clang/14.0.0/include/cuda_wrappers
 /usr/lib/gcc/x86_64-linux-gnu/9/../../../../include/c++/9
 /usr/lib/gcc/x86_64-linux-gnu/9/../../../../include/x86_64-linux-gnu/c++/9
 /usr/lib/gcc/x86_64-linux-gnu/9/../../../../include/c++/9/backward
 /opt/rocm-5.2.0/llvm/lib/clang/14.0.0/include
 /usr/local/include
 /usr/include/x86_64-linux-gnu
 /usr/include
End of search list.
 "/opt/rocm-5.2.0/llvm/bin/clang-offload-bundler" -unbundle -type=a -input=/opt/rocm-5.2.0/llvm/bin/../lib/clang/14.0.0/lib/linux/libclang_rt.builtins-x86_64.a -targets=hip-amdgcn-amd-amdhsa-gfx90a -output=/tmp/libbc-clang_rt.builtins-x86_64-amdgcn-gfx90a-56f76b.a -allow-missing-bundles
 "/opt/rocm-5.2.0/llvm/bin/lld" -flavor gnu --no-undefined -shared -plugin-opt=-amdgpu-internalize-symbols -plugin-opt=mcpu=gfx90a -plugin-opt=O3 -plugin-opt=-amdgpu-early-inline-all=true -plugin-opt=-amdgpu-function-calls=false -o /tmp/vectoradd_hip-0dfa3b/vectoradd_hip-gfx90a.out /tmp/vectoradd_hip-1a3ca2/vectoradd_hip-gfx90a.o /tmp/libbc-clang_rt.builtins-x86_64-amdgcn-gfx90a-56f76b.a
 "/opt/rocm-5.2.0/llvm/bin/clang-offload-bundler" -type=o -bundle-align=4096 -targets=host-x86_64-unknown-linux,hipv4-amdgcn-amd-amdhsa--gfx90a -input=/dev/null -input=/tmp/vectoradd_hip-0dfa3b/vectoradd_hip-gfx90a.out -output=/tmp/vectoradd_hip-8472c1.hipfb
 "/opt/rocm-5.2.0/llvm/bin/clang-14" -cc1 -triple x86_64-unknown-linux-gnu -aux-triple amdgcn-amd-amdhsa -emit-obj --mrelax-relocations -disable-free -clear-ast-before-backend -disable-llvm-verifier -discard-value-names -main-file-name vectoradd_hip.cpp -mrelocation-model static -mframe-pointer=none -fmath-errno -fno-rounding-math -mconstructor-aliases -funwind-tables=2 -target-cpu x86-64 -tune-cpu generic -mllvm -treat-scalable-fixed-error-as-warning -debugger-tuning=gdb -v -fcoverage-compilation-dir=/home/jack/projects/HIP-Examples/vectorAdd -resource-dir /opt/rocm-5.2.0/llvm/lib/clang/14.0.0 -internal-isystem /opt/rocm-5.2.0/llvm/lib/clang/14.0.0/include/cuda_wrappers -internal-isystem /opt/rocm-5.2.0/include -include __clang_hip_runtime_wrapper.h -isystem /opt/rocm-5.2.0/llvm/lib/clang/14.0.0/include/.. -isystem /opt/rocm-5.2.0/hsa/include -isystem /opt/rocm-5.2.0/include -internal-isystem /usr/lib/gcc/x86_64-linux-gnu/9/../../../../include/c++/9 -internal-isystem /usr/lib/gcc/x86_64-linux-gnu/9/../../../../include/x86_64-linux-gnu/c++/9 -internal-isystem /usr/lib/gcc/x86_64-linux-gnu/9/../../../../include/c++/9/backward -internal-isystem /usr/lib/gcc/x86_64-linux-gnu/9/../../../../include/c++/9 -internal-isystem /usr/lib/gcc/x86_64-linux-gnu/9/../../../../include/x86_64-linux-gnu/c++/9 -internal-isystem /usr/lib/gcc/x86_64-linux-gnu/9/../../../../include/c++/9/backward -internal-isystem /opt/rocm-5.2.0/llvm/lib/clang/14.0.0/include -internal-isystem /usr/local/include -internal-isystem /usr/lib/gcc/x86_64-linux-gnu/9/../../../../x86_64-linux-gnu/include -internal-externc-isystem /usr/include/x86_64-linux-gnu -internal-externc-isystem /include -internal-externc-isystem /usr/include -internal-isystem /opt/rocm-5.2.0/llvm/lib/clang/14.0.0/include -internal-isystem /usr/local/include -internal-isystem /usr/lib/gcc/x86_64-linux-gnu/9/../../../../x86_64-linux-gnu/include -internal-externc-isystem /usr/include/x86_64-linux-gnu -internal-externc-isystem /include -internal-externc-isystem /usr/include -O3 -std=c++11 -fdeprecated-macro -fdebug-compilation-dir=/home/jack/projects/HIP-Examples/vectorAdd -ferror-limit 19 -fhip-new-launch-api -fgnuc-version=4.2.1 -fcxx-exceptions -fexceptions -vectorize-loops -vectorize-slp -mllvm -amdgpu-early-inline-all=true -mllvm -amdgpu-function-calls=false -fcuda-include-gpubinary /tmp/vectoradd_hip-8472c1.hipfb -cuid=3ef90204d93e849c -fcuda-allow-variadic-functions -faddrsig -D__GCC_HAVE_DWARF2_CFI_ASM=1 -o /tmp/vectoradd_hip-fdc2a6.o -x hip vectoradd_hip.cpp
clang -cc1 version 14.0.0 based upon LLVM 14.0.0git default target x86_64-unknown-linux-gnu
ignoring nonexistent directory "/usr/lib/gcc/x86_64-linux-gnu/9/../../../../x86_64-linux-gnu/include"
ignoring nonexistent directory "/include"
ignoring nonexistent directory "/usr/lib/gcc/x86_64-linux-gnu/9/../../../../x86_64-linux-gnu/include"
ignoring nonexistent directory "/include"
ignoring duplicate directory "/opt/rocm-5.2.0/include"
ignoring duplicate directory "/usr/lib/gcc/x86_64-linux-gnu/9/../../../../include/c++/9"
ignoring duplicate directory "/usr/lib/gcc/x86_64-linux-gnu/9/../../../../include/x86_64-linux-gnu/c++/9"
ignoring duplicate directory "/usr/lib/gcc/x86_64-linux-gnu/9/../../../../include/c++/9/backward"
ignoring duplicate directory "/opt/rocm-5.2.0/llvm/lib/clang/14.0.0/include"
ignoring duplicate directory "/usr/local/include"
ignoring duplicate directory "/usr/include/x86_64-linux-gnu"
ignoring duplicate directory "/usr/include"
#include "..." search starts here:
#include <...> search starts here:
 /opt/rocm-5.2.0/llvm/lib/clang/14.0.0/include/..
 /opt/rocm-5.2.0/hsa/include
 /opt/rocm-5.2.0/include
 /opt/rocm-5.2.0/llvm/lib/clang/14.0.0/include/cuda_wrappers
 /usr/lib/gcc/x86_64-linux-gnu/9/../../../../include/c++/9
 /usr/lib/gcc/x86_64-linux-gnu/9/../../../../include/x86_64-linux-gnu/c++/9
 /usr/lib/gcc/x86_64-linux-gnu/9/../../../../include/c++/9/backward
 /opt/rocm-5.2.0/llvm/lib/clang/14.0.0/include
 /usr/local/include
 /usr/include/x86_64-linux-gnu
 /usr/include
End of search list.
 "/opt/rocm-5.2.0/llvm/bin/ld.lld" -z relro --hash-style=gnu --eh-frame-hdr -m elf_x86_64 -dynamic-linker /lib64/ld-linux-x86-64.so.2 -o vectoradd_hip.exe /lib/x86_64-linux-gnu/crt1.o /lib/x86_64-linux-gnu/crti.o /usr/lib/gcc/x86_64-linux-gnu/9/crtbegin.o -L/opt/rocm-5.2.0/lib -L/opt/rocm-5.2.0/llvm/bin/../lib/clang/14.0.0/lib/linux -L/usr/lib/gcc/x86_64-linux-gnu/9 -L/usr/lib/gcc/x86_64-linux-gnu/9/../../../../lib64 -L/lib/x86_64-linux-gnu -L/lib/../lib64 -L/usr/lib/x86_64-linux-gnu -L/usr/lib/../lib64 -L/opt/rocm-5.2.0/llvm/bin/../lib -L/lib -L/usr/lib -lgcc_s -lgcc -lpthread -lm -lrt /tmp/vectoradd_hip-fdc2a6.o --enable-new-dtags -rpath=/opt/rocm-5.2.0/lib:/opt/rocm-5.2.0/lib -lamdhip64 -lclang_rt.builtins-x86_64 -lstdc++ -lm -lgcc_s -lgcc -lc -lgcc_s -lgcc /usr/lib/gcc/x86_64-linux-gnu/9/crtend.o /lib/x86_64-linux-gnu/crtn.o
